#
# There is insufficient memory for the Java Runtime Environment to continue.
# Native memory allocation (malloc) failed to allocate 1024336 bytes for Chunk::new
# Possible reasons:
#   The system is out of physical RAM or swap space
#   In 32 bit mode, the process size limit was hit
# Possible solutions:
#   Reduce memory load on the system
#   Increase physical memory or swap space
#   Check if swap backing store is full
#   Use 64 bit Java on a 64 bit OS
#   Decrease Java heap size (-Xmx/-Xms)
#   Decrease number of Java threads
#   Decrease Java thread stack sizes (-Xss)
#   Set larger code cache with -XX:ReservedCodeCacheSize=
# This output file may be truncated or incomplete.
#
#  Out of Memory Error (allocation.cpp:390), pid=29304, tid=43000
#
# JRE version: Java(TM) SE Runtime Environment (8.0_40-b25) (build 1.8.0_40-b25)
# Java VM: Java HotSpot(TM) 64-Bit Server VM (25.40-b25 mixed mode windows-amd64 compressed oops)
# Failed to write core dump. Minidumps are not enabled by default on client versions of Windows
#

---------------  T H R E A D  ---------------

Current thread (0x0000000019677800):  JavaThread "C2 CompilerThread0" daemon [_thread_in_native, id=43000, stack(0x0000000019d50000,0x0000000019e50000)]

Stack: [0x0000000019d50000,0x0000000019e50000]
[error occurred during error reporting (printing stack bounds), id 0xc0000005]

Native frames: (J=compiled Java code, j=interpreted, Vv=VM code, C=native code)
V  [jvm.dll+0x32b47a]
V  [jvm.dll+0x2797f3]
V  [jvm.dll+0x27a489]
V  [jvm.dll+0x293406]
V  [jvm.dll+0x297d5c]
V  [jvm.dll+0x5ca83f]
C  [msvcr100.dll+0x712e3]
V  [jvm.dll+0x5c9f3d]
C  [ntdll.dll+0xa1fff]
C  [ntdll.dll+0x6aad9]
C  [ntdll.dll+0xa0c6e]
V  [jvm.dll+0x21bc71]


Current CompileTask:
C2:4368936 5788       4       java.io.WinNTFileSystem::normalize (143 bytes)


---------------  P R O C E S S  ---------------

Java Threads: ( => current thread )
  0x000000001da88000 JavaThread "DestroyJavaVM" [_thread_blocked, id=9820, stack(0x0000000002bd0000,0x0000000002cd0000)]
  0x000000001da85000 JavaThread "http-nio-7001-Acceptor" daemon [_thread_in_native, id=26132, stack(0x0000000026320000,0x0000000026420000)]
  0x000000001da82000 JavaThread "http-nio-7001-ClientPoller" daemon [_thread_in_native, id=37860, stack(0x0000000026220000,0x0000000026320000)]
  0x000000001da84000 JavaThread "http-nio-7001-exec-10" daemon [_thread_blocked, id=49432, stack(0x0000000026120000,0x0000000026220000)]
  0x000000001da83800 JavaThread "http-nio-7001-exec-9" daemon [_thread_blocked, id=50632, stack(0x0000000026020000,0x0000000026120000)]
  0x000000001da87000 JavaThread "http-nio-7001-exec-8" daemon [_thread_blocked, id=54116, stack(0x0000000025f20000,0x0000000026020000)]
  0x000000001da7a800 JavaThread "http-nio-7001-exec-7" daemon [_thread_blocked, id=47784, stack(0x0000000025e20000,0x0000000025f20000)]
  0x000000001da80800 JavaThread "http-nio-7001-exec-6" daemon [_thread_blocked, id=33096, stack(0x0000000025d20000,0x0000000025e20000)]
  0x000000001da7f800 JavaThread "http-nio-7001-exec-5" daemon [_thread_blocked, id=47372, stack(0x0000000025c20000,0x0000000025d20000)]
  0x000000001da7e000 JavaThread "http-nio-7001-exec-4" daemon [_thread_blocked, id=26172, stack(0x0000000025b20000,0x0000000025c20000)]
  0x000000001da7c000 JavaThread "http-nio-7001-exec-3" daemon [_thread_blocked, id=44504, stack(0x0000000025a20000,0x0000000025b20000)]
  0x000000001da7f000 JavaThread "http-nio-7001-exec-2" daemon [_thread_blocked, id=52532, stack(0x0000000025920000,0x0000000025a20000)]
  0x000000001da7d800 JavaThread "http-nio-7001-exec-1" daemon [_thread_in_Java, id=31296, stack(0x0000000025820000,0x0000000025920000)]
  0x000000001da81000 JavaThread "http-nio-7001-BlockPoller" daemon [_thread_in_native, id=31224, stack(0x0000000025720000,0x0000000025820000)]
  0x000000001da7c800 JavaThread "Eureka-CacheFillTimer" daemon [_thread_blocked, id=17392, stack(0x0000000024460000,0x0000000024560000)]
  0x000000001da7b000 JavaThread "Eureka-PeerNodesUpdater" daemon [_thread_blocked, id=55836, stack(0x00000000241c0000,0x00000000242c0000)]
  0x000000001db9f000 JavaThread "TaskNonBatchingWorker-eureka7002.com-0" daemon [_thread_blocked, id=55032, stack(0x00000000240c0000,0x00000000241c0000)]
  0x000000001dba0800 JavaThread "TaskAcceptor-eureka7002.com" daemon [_thread_blocked, id=20676, stack(0x0000000023fc0000,0x00000000240c0000)]
  0x000000001dba5000 JavaThread "TaskBatchingWorker-target_eureka7002.com-19" daemon [_thread_blocked, id=44492, stack(0x0000000023ec0000,0x0000000023fc0000)]
  0x000000001dba1000 JavaThread "TaskBatchingWorker-target_eureka7002.com-18" daemon [_thread_blocked, id=38812, stack(0x0000000023dc0000,0x0000000023ec0000)]
  0x000000001dba4000 JavaThread "TaskBatchingWorker-target_eureka7002.com-17" daemon [_thread_blocked, id=45704, stack(0x0000000023cc0000,0x0000000023dc0000)]
  0x000000001db9f800 JavaThread "TaskBatchingWorker-target_eureka7002.com-16" daemon [_thread_blocked, id=54672, stack(0x0000000023bc0000,0x0000000023cc0000)]
  0x000000001dba3800 JavaThread "TaskBatchingWorker-target_eureka7002.com-15" daemon [_thread_blocked, id=12112, stack(0x0000000023ac0000,0x0000000023bc0000)]
  0x000000001dba2800 JavaThread "TaskBatchingWorker-target_eureka7002.com-14" daemon [_thread_blocked, id=53512, stack(0x00000000239c0000,0x0000000023ac0000)]
  0x000000001dba2000 JavaThread "TaskBatchingWorker-target_eureka7002.com-13" daemon [_thread_blocked, id=47412, stack(0x00000000238c0000,0x00000000239c0000)]
  0x000000001dba5800 JavaThread "TaskBatchingWorker-target_eureka7002.com-12" daemon [_thread_blocked, id=44092, stack(0x00000000237c0000,0x00000000238c0000)]
  0x000000001f28b000 JavaThread "TaskBatchingWorker-target_eureka7002.com-11" daemon [_thread_blocked, id=53024, stack(0x00000000236c0000,0x00000000237c0000)]
  0x000000001f28e000 JavaThread "TaskBatchingWorker-target_eureka7002.com-10" daemon [_thread_blocked, id=51460, stack(0x00000000235c0000,0x00000000236c0000)]
  0x000000001f28d000 JavaThread "TaskBatchingWorker-target_eureka7002.com-9" daemon [_thread_blocked, id=55332, stack(0x00000000234c0000,0x00000000235c0000)]
  0x000000001f291800 JavaThread "TaskBatchingWorker-target_eureka7002.com-8" daemon [_thread_blocked, id=53508, stack(0x00000000233c0000,0x00000000234c0000)]
  0x000000001f291000 JavaThread "TaskBatchingWorker-target_eureka7002.com-7" daemon [_thread_blocked, id=53980, stack(0x00000000232c0000,0x00000000233c0000)]
  0x000000001f290000 JavaThread "TaskBatchingWorker-target_eureka7002.com-6" daemon [_thread_blocked, id=17656, stack(0x00000000231c0000,0x00000000232c0000)]
  0x000000001f28f800 JavaThread "TaskBatchingWorker-target_eureka7002.com-5" daemon [_thread_blocked, id=7316, stack(0x00000000230c0000,0x00000000231c0000)]
  0x000000001f28c800 JavaThread "TaskBatchingWorker-target_eureka7002.com-4" daemon [_thread_blocked, id=42232, stack(0x0000000022fc0000,0x00000000230c0000)]
  0x000000001f28b800 JavaThread "TaskBatchingWorker-target_eureka7002.com-3" daemon [_thread_blocked, id=7448, stack(0x0000000022ec0000,0x0000000022fc0000)]
  0x000000001f28e800 JavaThread "TaskBatchingWorker-target_eureka7002.com-2" daemon [_thread_blocked, id=51304, stack(0x0000000022b40000,0x0000000022c40000)]
  0x000000001c974000 JavaThread "TaskBatchingWorker-target_eureka7002.com-1" daemon [_thread_blocked, id=47384, stack(0x0000000022a40000,0x0000000022b40000)]
  0x000000001c975800 JavaThread "TaskBatchingWorker-target_eureka7002.com-0" daemon [_thread_blocked, id=46908, stack(0x0000000022940000,0x0000000022a40000)]
  0x000000001c973800 JavaThread "StatsMonitor-0" daemon [_thread_blocked, id=34060, stack(0x0000000022840000,0x0000000022940000)]
  0x000000001c972800 JavaThread "TaskAcceptor-target_eureka7002.com" daemon [_thread_blocked, id=20952, stack(0x0000000021ff0000,0x00000000220f0000)]
  0x000000001c979800 JavaThread "Eureka-JerseyClient-Conn-Cleaner2" daemon [_thread_blocked, id=33392, stack(0x0000000021ef0000,0x0000000021ff0000)]
  0x000000001c978800 JavaThread "Eureka-MeasureRateTimer" daemon [_thread_blocked, id=55504, stack(0x0000000022640000,0x0000000022740000)]
  0x000000001c975000 JavaThread "ReplicaAwareInstanceRegistry - RenewalThresholdUpdater" daemon [_thread_blocked, id=49652, stack(0x0000000022540000,0x0000000022640000)]
  0x000000001c977000 JavaThread "Eureka-MeasureRateTimer" daemon [_thread_blocked, id=47788, stack(0x0000000022440000,0x0000000022540000)]
  0x000000001c976800 JavaThread "Eureka-EvictionTimer" daemon [_thread_blocked, id=45936, stack(0x0000000022340000,0x0000000022440000)]
  0x000000001c978000 JavaThread "Eureka-DeltaRetentionTimer" daemon [_thread_blocked, id=48168, stack(0x000000001e700000,0x000000001e800000)]
  0x000000001ac69800 JavaThread "File Watcher" daemon [_thread_blocked, id=55340, stack(0x000000001ff90000,0x0000000020090000)]
  0x000000001b031800 JavaThread "container-0" [_thread_blocked, id=42292, stack(0x0000000021df0000,0x0000000021ef0000)]
  0x000000001d8d7800 JavaThread "Catalina-utility-2" [_thread_blocked, id=54084, stack(0x000000001ecb0000,0x000000001edb0000)]
  0x000000001b248000 JavaThread "Catalina-utility-1" [_thread_blocked, id=54148, stack(0x000000001d410000,0x000000001d510000)]
  0x000000001a78b000 JavaThread "spring.cloud.inetutils" daemon [_thread_blocked, id=23964, stack(0x000000001b4d0000,0x000000001b5d0000)]
  0x000000001975e000 JavaThread "Service Thread" daemon [_thread_blocked, id=39968, stack(0x000000001a050000,0x000000001a150000)]
  0x0000000019678800 JavaThread "C1 CompilerThread2" daemon [_thread_blocked, id=54876, stack(0x0000000019f50000,0x000000001a050000)]
  0x0000000019702800 JavaThread "C2 CompilerThread1" daemon [_thread_blocked, id=40936, stack(0x0000000019e50000,0x0000000019f50000)]
=>0x0000000019677800 JavaThread "C2 CompilerThread0" daemon [_thread_in_native, id=43000, stack(0x0000000019d50000,0x0000000019e50000)]
  0x0000000019697800 JavaThread "Monitor Ctrl-Break" daemon [_thread_in_native, id=46392, stack(0x0000000019c50000,0x0000000019d50000)]
  0x0000000017b1a000 JavaThread "Attach Listener" daemon [_thread_blocked, id=48436, stack(0x0000000019350000,0x0000000019450000)]
  0x0000000017b2a800 JavaThread "Signal Dispatcher" daemon [_thread_blocked, id=45000, stack(0x0000000019250000,0x0000000019350000)]
  0x0000000002dcc000 JavaThread "Finalizer" daemon [_thread_blocked, id=51856, stack(0x0000000018d50000,0x0000000018e50000)]
  0x0000000017ac9000 JavaThread "Reference Handler" daemon [_thread_blocked, id=45656, stack(0x0000000018c50000,0x0000000018d50000)]

Other Threads:
  0x0000000017ac7000 VMThread [stack: 0x0000000018b50000,0x0000000018c50000] [id=54808]
  0x00000000197a4000 WatcherThread [stack: 0x000000001a150000,0x000000001a250000] [id=44228]

VM state:not at safepoint (normal execution)

VM Mutex/Monitor currently owned by a thread: None

Heap:
 PSYoungGen      total 299008K, used 76529K [0x00000000d5d80000, 0x00000000e9500000, 0x0000000100000000)
  eden space 284672K, 21% used [0x00000000d5d80000,0x00000000d9a91e90,0x00000000e7380000)
  from space 14336K, 97% used [0x00000000e8380000,0x00000000e912a678,0x00000000e9180000)
  to   space 3584K, 0% used [0x00000000e9180000,0x00000000e9180000,0x00000000e9500000)
 ParOldGen       total 78848K, used 25498K [0x0000000081800000, 0x0000000086500000, 0x00000000d5d80000)
  object space 78848K, 32% used [0x0000000081800000,0x00000000830e69e8,0x0000000086500000)
 Metaspace       used 52149K, capacity 54782K, committed 54872K, reserved 1097728K
  class space    used 7081K, capacity 7532K, committed 7552K, reserved 1048576K

Card table byte_map: [0x0000000012370000,0x0000000012770000] byte_map_base: 0x0000000011f64000

Marking Bits: (ParMarkBitMap*) 0x0000000069fd4040
 Begin Bits: [0x0000000012e20000, 0x0000000014dc0000)
 End Bits:   [0x0000000014dc0000, 0x0000000016d60000)

Polling page: 0x0000000000f70000

CodeCache: size=245760Kb used=17173Kb max_used=17822Kb free=228586Kb
 bounds [0x0000000002fb0000, 0x0000000004170000, 0x0000000011fb0000]
 total_blobs=5358 nmethods=4856 adapters=414
 compilation: enabled

Compilation events (10 events):
Event: 4281.211 Thread 0x0000000019702800 nmethod 5785 0x000000000377bc10 code [0x000000000377bd80, 0x000000000377c158]
Event: 4368.703 Thread 0x0000000019678800 5786       3       java.lang.Class::getPackage (5 bytes)
Event: 4368.703 Thread 0x0000000019678800 nmethod 5786 0x00000000035f7c10 code [0x00000000035f7d80, 0x00000000035f7f08]
Event: 4368.708 Thread 0x0000000019678800 5787       1       java.util.Locale::getDefault (4 bytes)
Event: 4368.708 Thread 0x0000000019678800 nmethod 5787 0x0000000003316f90 code [0x00000000033170e0, 0x00000000033171d0]
Event: 4368.724 Thread 0x0000000019677800 5788       4       java.io.WinNTFileSystem::normalize (143 bytes)
Event: 4368.742 Thread 0x0000000019678800 5789       3       java.util.logging.LogManager$LoggerWeakRef::<init> (28 bytes)
Event: 4368.743 Thread 0x0000000019678800 nmethod 5789 0x00000000034a5610 code [0x00000000034a5780, 0x00000000034a5b70]
Event: 4368.753 Thread 0x0000000019678800 5790       3       java.util.ResourceBundle$CacheKey::calculateHashCode (52 bytes)
Event: 4368.753 Thread 0x0000000019678800 nmethod 5790 0x00000000033caa90 code [0x00000000033cac40, 0x00000000033cb288]

GC Heap History (10 events):
Event: 8.758 GC heap before
{Heap before GC invocations=9 (full 1):
 PSYoungGen      total 142848K, used 140061K [0x00000000d5d80000, 0x00000000e4900000, 0x0000000100000000)
  eden space 132608K, 100% used [0x00000000d5d80000,0x00000000ddf00000,0x00000000ddf00000)
  from space 10240K, 72% used [0x00000000ddf00000,0x00000000de6474c0,0x00000000de900000)
  to   space 10240K, 0% used [0x00000000e3f00000,0x00000000e3f00000,0x00000000e4900000)
 ParOldGen       total 55808K, used 8130K [0x0000000081800000, 0x0000000084e80000, 0x00000000d5d80000)
  object space 55808K, 14% used [0x0000000081800000,0x0000000081ff08b8,0x0000000084e80000)
 Metaspace       used 29003K, capacity 30164K, committed 30464K, reserved 1075200K
  class space    used 3769K, capacity 3999K, committed 4096K, reserved 1048576K
Event: 8.803 GC heap after
Heap after GC invocations=9 (full 1):
 PSYoungGen      total 229888K, used 9447K [0x00000000d5d80000, 0x00000000e4e80000, 0x0000000100000000)
  eden space 219648K, 0% used [0x00000000d5d80000,0x00000000d5d80000,0x00000000e3400000)
  from space 10240K, 92% used [0x00000000e3f00000,0x00000000e4839e28,0x00000000e4900000)
  to   space 11264K, 0% used [0x00000000e3400000,0x00000000e3400000,0x00000000e3f00000)
 ParOldGen       total 55808K, used 8130K [0x0000000081800000, 0x0000000084e80000, 0x00000000d5d80000)
  object space 55808K, 14% used [0x0000000081800000,0x0000000081ff08b8,0x0000000084e80000)
 Metaspace       used 29003K, capacity 30164K, committed 30464K, reserved 1075200K
  class space    used 3769K, capacity 3999K, committed 4096K, reserved 1048576K
}
Event: 10.686 GC heap before
{Heap before GC invocations=10 (full 1):
 PSYoungGen      total 229888K, used 84956K [0x00000000d5d80000, 0x00000000e4e80000, 0x0000000100000000)
  eden space 219648K, 34% used [0x00000000d5d80000,0x00000000da73d500,0x00000000e3400000)
  from space 10240K, 92% used [0x00000000e3f00000,0x00000000e4839e28,0x00000000e4900000)
  to   space 11264K, 0% used [0x00000000e3400000,0x00000000e3400000,0x00000000e3f00000)
 ParOldGen       total 55808K, used 8130K [0x0000000081800000, 0x0000000084e80000, 0x00000000d5d80000)
  object space 55808K, 14% used [0x0000000081800000,0x0000000081ff08b8,0x0000000084e80000)
 Metaspace       used 33598K, capacity 35270K, committed 35416K, reserved 1079296K
  class space    used 4368K, capacity 4652K, committed 4736K, reserved 1048576K
Event: 10.701 GC heap after
Heap after GC invocations=10 (full 1):
 PSYoungGen      total 230912K, used 10452K [0x00000000d5d80000, 0x00000000ea080000, 0x0000000100000000)
  eden space 219648K, 0% used [0x00000000d5d80000,0x00000000d5d80000,0x00000000e3400000)
  from space 11264K, 92% used [0x00000000e3400000,0x00000000e3e352f8,0x00000000e3f00000)
  to   space 12288K, 0% used [0x00000000e9480000,0x00000000e9480000,0x00000000ea080000)
 ParOldGen       total 55808K, used 8138K [0x0000000081800000, 0x0000000084e80000, 0x00000000d5d80000)
  object space 55808K, 14% used [0x0000000081800000,0x0000000081ff28b8,0x0000000084e80000)
 Metaspace       used 33598K, capacity 35270K, committed 35416K, reserved 1079296K
  class space    used 4368K, capacity 4652K, committed 4736K, reserved 1048576K
}
Event: 10.701 GC heap before
{Heap before GC invocations=11 (full 2):
 PSYoungGen      total 230912K, used 10452K [0x00000000d5d80000, 0x00000000ea080000, 0x0000000100000000)
  eden space 219648K, 0% used [0x00000000d5d80000,0x00000000d5d80000,0x00000000e3400000)
  from space 11264K, 92% used [0x00000000e3400000,0x00000000e3e352f8,0x00000000e3f00000)
  to   space 12288K, 0% used [0x00000000e9480000,0x00000000e9480000,0x00000000ea080000)
 ParOldGen       total 55808K, used 8138K [0x0000000081800000, 0x0000000084e80000, 0x00000000d5d80000)
  object space 55808K, 14% used [0x0000000081800000,0x0000000081ff28b8,0x0000000084e80000)
 Metaspace       used 33598K, capacity 35270K, committed 35416K, reserved 1079296K
  class space    used 4368K, capacity 4652K, committed 4736K, reserved 1048576K
Event: 10.760 GC heap after
Heap after GC invocations=11 (full 2):
 PSYoungGen      total 230912K, used 0K [0x00000000d5d80000, 0x00000000ea080000, 0x0000000100000000)
  eden space 219648K, 0% used [0x00000000d5d80000,0x00000000d5d80000,0x00000000e3400000)
  from space 11264K, 0% used [0x00000000e3400000,0x00000000e3400000,0x00000000e3f00000)
  to   space 12288K, 0% used [0x00000000e9480000,0x00000000e9480000,0x00000000ea080000)
 ParOldGen       total 78848K, used 15341K [0x0000000081800000, 0x0000000086500000, 0x00000000d5d80000)
  object space 78848K, 19% used [0x0000000081800000,0x00000000826fb6f8,0x0000000086500000)
 Metaspace       used 33598K, capacity 35270K, committed 35416K, reserved 1079296K
  class space    used 4368K, capacity 4652K, committed 4736K, reserved 1048576K
}
Event: 16.341 GC heap before
{Heap before GC invocations=12 (full 2):
 PSYoungGen      total 230912K, used 219648K [0x00000000d5d80000, 0x00000000ea080000, 0x0000000100000000)
  eden space 219648K, 100% used [0x00000000d5d80000,0x00000000e3400000,0x00000000e3400000)
  from space 11264K, 0% used [0x00000000e3400000,0x00000000e3400000,0x00000000e3f00000)
  to   space 12288K, 0% used [0x00000000e9480000,0x00000000e9480000,0x00000000ea080000)
 ParOldGen       total 78848K, used 15341K [0x0000000081800000, 0x0000000086500000, 0x00000000d5d80000)
  object space 78848K, 19% used [0x0000000081800000,0x00000000826fb6f8,0x0000000086500000)
 Metaspace       used 41061K, capacity 43018K, committed 43224K, reserved 1087488K
  class space    used 5430K, capacity 5772K, committed 5888K, reserved 1048576K
Event: 16.365 GC heap after
Heap after GC invocations=12 (full 2):
 PSYoungGen      total 309248K, used 12262K [0x00000000d5d80000, 0x00000000ea080000, 0x0000000100000000)
  eden space 296960K, 0% used [0x00000000d5d80000,0x00000000d5d80000,0x00000000e7f80000)
  from space 12288K, 99% used [0x00000000e9480000,0x00000000ea079ae8,0x00000000ea080000)
  to   space 14848K, 0% used [0x00000000e8380000,0x00000000e8380000,0x00000000e9200000)
 ParOldGen       total 78848K, used 18390K [0x0000000081800000, 0x0000000086500000, 0x00000000d5d80000)
  object space 78848K, 23% used [0x0000000081800000,0x00000000829f5a50,0x0000000086500000)
 Metaspace       used 41061K, capacity 43018K, committed 43224K, reserved 1087488K
  class space    used 5430K, capacity 5772K, committed 5888K, reserved 1048576K
}
Event: 3323.092 GC heap before
{Heap before GC invocations=13 (full 2):
 PSYoungGen      total 309248K, used 309222K [0x00000000d5d80000, 0x00000000ea080000, 0x0000000100000000)
  eden space 296960K, 100% used [0x00000000d5d80000,0x00000000e7f80000,0x00000000e7f80000)
  from space 12288K, 99% used [0x00000000e9480000,0x00000000ea079ae8,0x00000000ea080000)
  to   space 14848K, 0% used [0x00000000e8380000,0x00000000e8380000,0x00000000e9200000)
 ParOldGen       total 78848K, used 18390K [0x0000000081800000, 0x0000000086500000, 0x00000000d5d80000)
  object space 78848K, 23% used [0x0000000081800000,0x00000000829f5a50,0x0000000086500000)
 Metaspace       used 51366K, capacity 53976K, committed 54104K, reserved 1095680K
  class space    used 6995K, capacity 7435K, committed 7552K, reserved 1048576K
Event: 3323.295 GC heap after
Heap after GC invocations=13 (full 2):
 PSYoungGen      total 299008K, used 13993K [0x00000000d5d80000, 0x00000000e9500000, 0x0000000100000000)
  eden space 284672K, 0% used [0x00000000d5d80000,0x00000000d5d80000,0x00000000e7380000)
  from space 14336K, 97% used [0x00000000e8380000,0x00000000e912a678,0x00000000e9180000)
  to   space 3584K, 0% used [0x00000000e9180000,0x00000000e9180000,0x00000000e9500000)
 ParOldGen       total 78848K, used 25498K [0x0000000081800000, 0x0000000086500000, 0x00000000d5d80000)
  object space 78848K, 32% used [0x0000000081800000,0x00000000830e69e8,0x0000000086500000)
 Metaspace       used 51366K, capacity 53976K, committed 54104K, reserved 1095680K
  class space    used 6995K, capacity 7435K, committed 7552K, reserved 1048576K
}

Deoptimization events (10 events):
Event: 3323.302 Thread 0x000000001975e000 Uncommon trap: reason=class_check action=maybe_recompile pc=0x0000000003432550 method=java.util.Collections$UnmodifiableSet.equals(Ljava/lang/Object;)Z @ 10
Event: 3323.302 Thread 0x000000001975e000 Uncommon trap: reason=class_check action=maybe_recompile pc=0x0000000003432550 method=java.util.Collections$UnmodifiableSet.equals(Ljava/lang/Object;)Z @ 10
Event: 3323.303 Thread 0x000000001975e000 Uncommon trap: reason=class_check action=maybe_recompile pc=0x0000000003432550 method=java.util.Collections$UnmodifiableSet.equals(Ljava/lang/Object;)Z @ 10
Event: 4157.519 Thread 0x000000001b248000 Uncommon trap: reason=unstable_if action=reinterpret pc=0x00000000032f80a4 method=java.util.concurrent.locks.AbstractQueuedSynchronizer.acquire(I)V @ 5
Event: 4165.292 Thread 0x000000001d8d7800 Uncommon trap: reason=unstable_if action=reinterpret pc=0x00000000032f66e4 method=java.util.concurrent.locks.AbstractQueuedSynchronizer.acquire(I)V @ 5
Event: 4368.646 Thread 0x000000001da82000 Uncommon trap: reason=unstable_if action=reinterpret pc=0x0000000003cea910 method=sun.nio.ch.WindowsSelectorImpl$SubSelector.processFDSet(J[IIZ)I @ 11
Event: 4368.647 Thread 0x000000001da82000 Uncommon trap: reason=unstable_if action=reinterpret pc=0x000000000363ad8c method=sun.nio.ch.WindowsSelectorImpl.resetWakeupSocket()V @ 11
Event: 4368.647 Thread 0x000000001da82000 Uncommon trap: reason=unstable_if action=reinterpret pc=0x0000000003d79364 method=org.apache.tomcat.util.net.NioEndpoint$Poller.events()Z @ 18
Event: 4368.649 Thread 0x000000001da82000 Uncommon trap: reason=unstable_if action=reinterpret pc=0x0000000003b11eb8 method=java.util.concurrent.locks.AbstractQueuedSynchronizer$ConditionObject.doSignal(Ljava/util/concurrent/locks/AbstractQueuedSynchronizer$Node;)V @ 9
Event: 4368.656 Thread 0x000000001da7d800 Uncommon trap: reason=unstable_if action=reinterpret pc=0x0000000003d7b2d4 method=java.lang.ThreadLocal.set(Ljava/lang/Object;)V @ 11

Internal exceptions (10 events):
Event: 17.357 Thread 0x000000001a42a800 Exception <a 'java/lang/ClassNotFoundException': org/springframework/web/context/ServletContextAwareCustomizer> (0x00000000d8c876a0) thrown at [D:\re\workspace\8-2-build-windows-amd64-cygwin\jdk8u40\2855\hotspot\src\share\vm\classfile\systemDictionary.cpp,eå≥ó[1@
Event: 17.358 Thread 0x000000001a42a800 Exception <a 'java/lang/ClassNotFoundException': org/springframework/beans/factory/AwareCustomizer> (0x00000000d8caab10) thrown at [D:\re\workspace\8-2-build-windows-amd64-cygwin\jdk8u40\2855\hotspot\src\share\vm\classfile\systemDictionary.cpp, line 210]
Event: 17.358 Thread 0x000000001a42a800 Implicit null exception at 0x0000000003ab744c to 0x0000000003ab75c1
Event: 18.933 Thread 0x000000001a42a800 Exception <a 'java/lang/IncompatibleClassChangeError': Found class java.lang.Object, but interface was expected> (0x00000000db2b9b80) thrown at [D:\re\workspace\8-2-build-windows-amd64-cygwin\jdk8u40\2855\hotspot\src\share\vm\interpreter\linkResolver.cpp, π¥L–&3@
Event: 19.152 Thread 0x000000001a42a800 Exception <a 'java/lang/NoSuchMethodError': java.lang.Object.lambda$andThen$6(Ljava/util/function/Function;Ljava/lang/Object;)Ljava/lang/Object;> (0x00000000dbc06768) thrown at [D:\re\workspace\8-2-build-windows-amd64-cygwin\jdk8u40\2855\hotspot\src\share\V.Ø∑(û3@
Event: 19.618 Thread 0x000000001a42a800 Exception <a 'java/net/BindException': Address already in use: JVM_Bind> (0x00000000dc940420) thrown at [D:\re\workspace\8-2-build-windows-amd64-cygwin\jdk8u40\2855\hotspot\src\share\vm\prims\jni.cpp, line 735]
Event: 21.507 Thread 0x000000001a42a800 Implicit null exception at 0x0000000003df43df to 0x0000000003df45e5
Event: 21.927 Thread 0x000000001a42a800 Exception <a 'java/lang/NoClassDefFoundError': javax/mail/MessagingException> (0x00000000deb4a3f8) thrown at [D:\re\workspace\8-2-build-windows-amd64-cygwin\jdk8u40\2855\hotspot\src\share\vm\classfile\systemDictionary.cpp, line 199]
Event: 21.973 Thread 0x000000001a42a800 Exception <a 'java/lang/NoClassDefFoundError': javax/mail/MessagingException> (0x00000000df1a0848) thrown at [D:\re\workspace\8-2-build-windows-amd64-cygwin\jdk8u40\2855\hotspot\src\share\vm\classfile\systemDictionary.cpp, line 199]
Event: 4368.656 Thread 0x000000001da7d800 Implicit null exception at 0x0000000003d7af90 to 0x0000000003d7b2c5

Events (10 events):
Event: 4368.882 loading class javax/security/auth/message/config/AuthConfigFactory
Event: 4368.882 loading class javax/security/auth/message/config/AuthConfigFactory done
Event: 4368.883 loading class javax/security/auth/message/config/AuthConfigFactory$2
Event: 4368.883 loading class javax/security/auth/message/config/AuthConfigFactory$2 done
Event: 4368.884 loading class javax/security/auth/message/config/AuthConfigFactory$1
Event: 4368.884 loading class javax/security/auth/message/config/AuthConfigFactory$1 done
Event: 4368.885 loading class org/apache/catalina/authenticator/jaspic/AuthConfigFactoryImpl
Event: 4368.885 loading class org/apache/catalina/authenticator/jaspic/AuthConfigFactoryImpl done
Event: 4368.889 loading class org/apache/catalina/authenticator/jaspic/LocalStrings
Event: 4368.889 loading class org/apache/catalina/authenticator/jaspic/LocalStrings done


Dynamic libraries:
0x00007ff6bf040000 - 0x00007ff6bf077000 	D:\JDK8_64\bin\java.exe
0x00007ffdfdde0000 - 0x00007ffdfdfd0000 	C:\WINDOWS\SYSTEM32\ntdll.dll
0x00007ffdfdb40000 - 0x00007ffdfdbf2000 	C:\WINDOWS\System32\KERNEL32.DLL
0x00007ffdfb5c0000 - 0x00007ffdfb865000 	C:\WINDOWS\System32\KERNELBASE.dll
0x00007ffdfd3f0000 - 0x00007ffdfd493000 	C:\WINDOWS\System32\ADVAPI32.dll
0x00007ffdfbdd0000 - 0x00007ffdfbe6e000 	C:\WINDOWS\System32\msvcrt.dll
0x00007ffdfd1f0000 - 0x00007ffdfd287000 	C:\WINDOWS\System32\sechost.dll
0x00007ffdfd500000 - 0x00007ffdfd61f000 	C:\WINDOWS\System32\RPCRT4.dll
0x00007ffdfdc00000 - 0x00007ffdfdd94000 	C:\WINDOWS\System32\USER32.dll
0x00007ffdfac80000 - 0x00007ffdfaca1000 	C:\WINDOWS\System32\win32u.dll
0x00007ffdfda90000 - 0x00007ffdfdab6000 	C:\WINDOWS\System32\GDI32.dll
0x00007ffdfb970000 - 0x00007ffdfbb08000 	C:\WINDOWS\System32\gdi32full.dll
0x00007ffdfad40000 - 0x00007ffdfadde000 	C:\WINDOWS\System32\msvcp_win.dll
0x00007ffdfab80000 - 0x00007ffdfac7a000 	C:\WINDOWS\System32\ucrtbase.dll
0x00007ffdf0590000 - 0x00007ffdf0814000 	C:\WINDOWS\WinSxS\amd64_microsoft.windows.common-controls_6595b64144ccf1df_6.0.18362.1500_none_9e79be6de462295c\COMCTL32.dll
0x00007ffdfc7b0000 - 0x00007ffdfcae6000 	C:\WINDOWS\System32\combase.dll
0x00007ffdfacb0000 - 0x00007ffdfad31000 	C:\WINDOWS\System32\bcryptPrimitives.dll
0x00007ffdfc570000 - 0x00007ffdfc59e000 	C:\WINDOWS\System32\IMM32.DLL
0x000000006a060000 - 0x000000006a132000 	D:\JDK8_64\jre\bin\msvcr100.dll
0x00000000697d0000 - 0x000000006a053000 	D:\JDK8_64\jre\bin\server\jvm.dll
0x00007ffdfade0000 - 0x00007ffdfae04000 	C:\WINDOWS\System32\WINMM.dll
0x00007ffdfa9a0000 - 0x00007ffdfa9cd000 	C:\WINDOWS\System32\WINMMBASE.dll
0x00007ffdfb920000 - 0x00007ffdfb96a000 	C:\WINDOWS\System32\cfgmgr32.dll
0x00007ffdfcd10000 - 0x00007ffdfcd18000 	C:\WINDOWS\System32\PSAPI.DLL
0x00007ffdfa550000 - 0x00007ffdfa55a000 	C:\WINDOWS\SYSTEM32\VERSION.dll
0x00007ffdf66d0000 - 0x00007ffdf66d9000 	C:\WINDOWS\SYSTEM32\WSOCK32.dll
0x00007ffdfdac0000 - 0x00007ffdfdb2f000 	C:\WINDOWS\System32\WS2_32.dll
0x000000006abc0000 - 0x000000006abcf000 	D:\JDK8_64\jre\bin\verify.dll
0x000000006ab90000 - 0x000000006abb9000 	D:\JDK8_64\jre\bin\java.dll
0x00000000697a0000 - 0x00000000697c3000 	D:\JDK8_64\jre\bin\instrument.dll
0x000000006ab70000 - 0x000000006ab86000 	D:\JDK8_64\jre\bin\zip.dll
0x00007ffdfbe70000 - 0x00007ffdfc558000 	C:\WINDOWS\System32\SHELL32.dll
0x00007ffdfcc60000 - 0x00007ffdfcd07000 	C:\WINDOWS\System32\shcore.dll
0x00007ffdfae10000 - 0x00007ffdfb58b000 	C:\WINDOWS\System32\windows.storage.dll
0x00007ffdfa970000 - 0x00007ffdfa98e000 	C:\WINDOWS\System32\profapi.dll
0x00007ffdfb8d0000 - 0x00007ffdfb91a000 	C:\WINDOWS\System32\powrprof.dll
0x00007ffdfa990000 - 0x00007ffdfa9a0000 	C:\WINDOWS\System32\UMPDC.dll
0x00007ffdfd4a0000 - 0x00007ffdfd4f2000 	C:\WINDOWS\System32\shlwapi.dll
0x00007ffdfa9d0000 - 0x00007ffdfa9e1000 	C:\WINDOWS\System32\kernel.appcore.dll
0x00007ffdfbb10000 - 0x00007ffdfbb27000 	C:\WINDOWS\System32\cryptsp.dll
0x00007ffddbe00000 - 0x00007ffddbe1a000 	D:\IntelliJ IDEA 2017.3.4\bin\breakgen64.dll
0x000000006ab50000 - 0x000000006ab6a000 	D:\JDK8_64\jre\bin\net.dll
0x00007ffdfa140000 - 0x00007ffdfa1a7000 	C:\WINDOWS\system32\mswsock.dll
0x00007ffdf9e50000 - 0x00007ffdf9e8a000 	C:\WINDOWS\SYSTEM32\IPHLPAPI.DLL
0x00007ffdfdb30000 - 0x00007ffdfdb38000 	C:\WINDOWS\System32\NSI.dll
0x00007ffdf4250000 - 0x00007ffdf4266000 	C:\WINDOWS\SYSTEM32\dhcpcsvc6.DLL
0x00007ffdf4170000 - 0x00007ffdf418c000 	C:\WINDOWS\SYSTEM32\dhcpcsvc.DLL
0x00007ffdf9e90000 - 0x00007ffdf9f5b000 	C:\WINDOWS\SYSTEM32\DNSAPI.dll
0x000000006a1f0000 - 0x000000006a225000 	C:\Program Files\Bonjour\mdnsNSP.dll
0x00007ffdf0ee0000 - 0x00007ffdf0eea000 	C:\Windows\System32\rasadhlp.dll
0x00007ffdf32d0000 - 0x00007ffdf3347000 	C:\WINDOWS\System32\fwpuclnt.dll
0x00007ffdfb590000 - 0x00007ffdfb5b6000 	C:\WINDOWS\System32\bcrypt.dll
0x0000000069790000 - 0x000000006979d000 	D:\JDK8_64\jre\bin\management.dll
0x00007ffdf5430000 - 0x00007ffdf5446000 	C:\WINDOWS\system32\napinsp.dll
0x00007ffdf5410000 - 0x00007ffdf542a000 	C:\WINDOWS\system32\pnrpnsp.dll
0x00007ffdf5780000 - 0x00007ffdf579c000 	C:\WINDOWS\system32\NLAapi.dll
0x00007ffdf67d0000 - 0x00007ffdf67e5000 	C:\WINDOWS\system32\wshbth.dll
0x00007ffdf33a0000 - 0x00007ffdf33ae000 	C:\WINDOWS\System32\winrnr.dll
0x0000000069770000 - 0x0000000069781000 	D:\JDK8_64\jre\bin\nio.dll
0x00007ffdf9cc0000 - 0x00007ffdf9cf3000 	C:\WINDOWS\system32\rsaenh.dll
0x00007ffdfa860000 - 0x00007ffdfa885000 	C:\WINDOWS\SYSTEM32\USERENV.dll
0x00007ffdfa310000 - 0x00007ffdfa31c000 	C:\WINDOWS\SYSTEM32\CRYPTBASE.dll
0x000000006a1c0000 - 0x000000006a1e4000 	D:\JDK8_64\jre\bin\sunec.dll
0x00007ffdf30d0000 - 0x00007ffdf32c4000 	C:\WINDOWS\SYSTEM32\dbghelp.dll

VM Arguments:
jvm_args: -javaagent:D:\IntelliJ IDEA 2017.3.4\lib\idea_rt.jar=61903:D:\IntelliJ IDEA 2017.3.4\bin -Dfile.encoding=UTF-8 
java_command: com.cry.springcloud.EurekaMain7001
java_class_path (initial): D:\JDK8_64\jre\lib\charsets.jar;D:\JDK8_64\jre\lib\deploy.jar;D:\JDK8_64\jre\lib\ext\access-bridge-64.jar;D:\JDK8_64\jre\lib\ext\cldrdata.jar;D:\JDK8_64\jre\lib\ext\dnsns.jar;D:\JDK8_64\jre\lib\ext\jaccess.jar;D:\JDK8_64\jre\lib\ext\jfxrt.jar;D:\JDK8_64\jre\lib\ext\localedata.jar;D:\JDK8_64\jre\lib\ext\nashorn.jar;D:\JDK8_64\jre\lib\ext\sunec.jar;D:\JDK8_64\jre\lib\ext\sunjce_provider.jar;D:\JDK8_64\jre\lib\ext\sunmscapi.jar;D:\JDK8_64\jre\lib\ext\sunpkcs11.jar;D:\JDK8_64\jre\lib\ext\zipfs.jar;D:\JDK8_64\jre\lib\javaws.jar;D:\JDK8_64\jre\lib\jce.jar;D:\JDK8_64\jre\lib\jfr.jar;D:\JDK8_64\jre\lib\jfxswt.jar;D:\JDK8_64\jre\lib\jsse.jar;D:\JDK8_64\jre\lib\management-agent.jar;D:\JDK8_64\jre\lib\plugin.jar;D:\JDK8_64\jre\lib\resources.jar;D:\JDK8_64\jre\lib\rt.jar;D:\cloud2021\cloud-eureka-server7001\target\classes;D:\BaiduNetdiskDownload\≤©—ßπ»…¡æ€÷ß∏∂\day01-œÓƒøΩÈ…‹ Nacos Spring Cloud Alibaba\◊ ¡œ\±æµÿ≤÷ø‚\org\springframework\cloud\spring-cloud-starter-netflix-eureka-server\2.2.1.RELEASE\spring-cloud-starter-netflix-eureka-server-2.2.1.RELEASE.jar;D:\BaiduNetdiskDownload\≤©—ßπ»…¡æ€÷ß∏∂\day01-œÓƒøΩÈ…‹ Nacos Spring Cloud Alibaba\◊ ¡œ\±æµÿ≤÷ø‚\org\springframework\cloud\spring-cloud-starter\2.2.1.RELEASE\spring-cloud-starter-2.2.1.RELEASE.jar;D:\BaiduNetdiskDownload\≤©—ßπ»…¡æ€÷ß∏∂\day01-œÓƒøΩÈ…‹ Nacos Spring Cloud Alibaba\◊ ¡œ\±æµÿ≤÷ø‚\org\springframework\cloud\spring-cloud-context\2.2.1.RELEASE\spring-cloud-context-2.2.1.RELEASE.jar;D:\BaiduNetdiskDownload\≤©—ßπ»…¡æ€÷ß∏∂\day01-œÓƒøΩÈ…‹ Nacos Spring Cloud Alibaba\◊ ¡œ\±æµÿ≤÷ø‚\org\springframework\security\spring-security-crypto\5.2.1.RELEASE\spring-security-crypto-5.2.1.RELEASE.jar;D:\BaiduNetdiskDownload\≤©—ßπ»…¡æ€÷ß∏∂\day01-œÓƒøΩÈ…‹ Nacos Spring Cloud Alibaba\◊ ¡œ\±æµÿ≤÷ø‚\org\springframework\cloud\spring-cloud-commons\2.2.1.RELEASE\spring-cloud-commons-2.2.1.RELEASE.jar;D:\BaiduNetdiskDownload\≤©—ßπ»…¡æ€÷ß∏∂\day01-œÓƒøΩÈ…‹ Nacos Spring Cloud Alibaba\◊ ¡œ\±æµÿ≤÷ø‚\org\springframework\security
Launcher Type: SUN_STANDARD

Environment Variables:
JAVA_HOME=C:\Program Files (x86)\Java\jdk1.5.0_22
CLASSPATH=.;C:\Program Files (x86)\Java\jdk1.5.0_22\lib;C:\Program Files (x86)\Java\jdk1.5.0_22\lib\tools.jar;
PATH=d:\app\cry\product\11.2.0\client_2\bin;C:\WINDOWS\system32;C:\WINDOWS;C:\WINDOWS\System32\Wbem;C:\WINDOWS\System32\WindowsPowerShell\v1.0\;C:\WINDOWS\System32\OpenSSH\;C:\Program Files (x86)\Java\jdk1.5.0_22\bin;C:\Program Files (x86)\Java\jdk1.5.0_22\jre\bin;C:\Program Files\TortoiseSVN\bin;C:\Program Files (x86)\Subversion\bin;D:\Program Files (x86)\MySQL\MySQL Server 5.5\bin;C:\Program Files\Git\cmd;C:\Users\cry\AppData\Local\Microsoft\WindowsApps;
USERNAME=cry
OS=Windows_NT
PROCESSOR_IDENTIFIER=Intel64 Family 6 Model 142 Stepping 9, GenuineIntel



---------------  S Y S T E M  ---------------

OS: Windows 10.0 , 64 bit Build 18362 (10.0.18362.1500)

CPU:total 4 (2 cores per cpu, 2 threads per core) family 6 model 142 stepping 9, cmov, cx8, fxsr, mmx, sse, sse2, sse3, ssse3, sse4.1, sse4.2, popcnt, avx, avx2, aes, clmul, erms, 3dnowpref, lzcnt, ht, tsc, tscinvbit, bmi1, bmi2, adx

Memory: 4k page, physical 8284644k(319840k free), swap 23784516k(364k free)

vm_info: Java HotSpot(TM) 64-Bit Server VM (25.40-b25) for windows-amd64 JRE (1.8.0_40-b25), built on Feb 10 2015 21:53:57 by "java_re" with MS VC++ 10.0 (VS2010)

time: Tue Apr 27 11:12:10 2021
elapsed time: 4368 seconds (0d 1h 12m 48s)

